<?xml version="1.0" encoding="UTF-8"?>
<!-- Generated by org.testng.reporters.JUnitReportReporter -->
<testsuite hostname="HQ-11393H840G5" failures="0" tests="1" name="com.tests.simpleCRUDwithTekarch.LogIntoApi" time="4.587" errors="0" timestamp="2023-03-09T20:48:32 PST" skipped="0">
  <testcase classname="com.tests.simpleCRUDwithTekarch.LogIntoApi" name="login" time="4.587"/>
  <system-out/>
</testsuite> <!-- com.tests.simpleCRUDwithTekarch.LogIntoApi -->
