<?xml version="1.0" encoding="UTF-8"?>
<!-- Generated by org.testng.reporters.JUnitReportReporter -->
<testsuite hostname="HQ-11393H840G5" failures="0" tests="1" name="com.tests.simpleCRUDwithTekarch.GetDataTest" time="15.375" errors="0" timestamp="2023-03-11T18:25:51 PST" skipped="0">
  <testcase classname="com.tests.simpleCRUDwithTekarch.GetDataTest" name="getUserData" time="15.375"/>
  <system-out/>
</testsuite> <!-- com.tests.simpleCRUDwithTekarch.GetDataTest -->
