<?xml version="1.0" encoding="UTF-8"?>
<!-- Generated by org.testng.reporters.JUnitReportReporter -->
<testsuite hostname="HQ-11393H840G5" failures="0" tests="1" name="com.tests.simpleCRUDwithTekarch.DeleteDataTest" time="7.566" errors="0" timestamp="2023-03-09T21:44:23 PST" skipped="0">
  <testcase classname="com.tests.simpleCRUDwithTekarch.DeleteDataTest" name="deleteUserData" time="7.566"/>
  <system-out/>
</testsuite> <!-- com.tests.simpleCRUDwithTekarch.DeleteDataTest -->
